<robot generator="Robot 7.2.2 (Python 3.13.0 on win32)" generated="2025-02-24T23:41:29.863790" rpa="false" schemaversion="5">
<statistics>
<total>
<stat pass="1" fail="0" skip="0">All Tests</stat>
</total>
<tag>
<stat pass="1" fail="0" skip="0">1006</stat>
<stat pass="1" fail="0" skip="0">Contacts</stat>
<stat pass="1" fail="0" skip="0">Smoke</stat>
</tag>
<suite>
<stat name="Crm" id="s1" pass="1" fail="0" skip="0">Crm</stat>
</suite>
</statistics>
<suite name="Suites" id="s0"><suite id="s1" name="Crm OS X, Big Sur, Chrome, latest" source="D:\learning\robotframework\Tests\crm.robot">
<test id="s1-t1" name="Should be able to add new customer" line="12">
<kw name="Set Selenium Speed" owner="SeleniumLibrary">
<arg>.2s</arg>
<doc>Sets the delay that is waited after each Selenium command.</doc>
<status status="PASS" start="2025-02-24T23:41:29.941561" elapsed="0.000800" />
</kw>
<kw name="Set Selenium Timeout" owner="SeleniumLibrary">
<arg>10s</arg>
<doc>Sets the timeout that is used by various keywords.</doc>
<status status="PASS" start="2025-02-24T23:41:29.943005" elapsed="0.000695" />
</kw>
<kw name="Log" owner="BuiltIn">
<msg time="2025-02-24T23:41:29.944873" level="INFO">Starting the test case</msg>
<arg>Starting the test case</arg>
<doc>Logs the given message with the given level.</doc>
<status status="PASS" start="2025-02-24T23:41:29.944288" elapsed="0.001500" />
</kw>
<kw name="Open Browser" owner="SeleniumLibrary">
<msg time="2025-02-24T23:41:29.947098" level="INFO">Opening browser 'chrome' to base url 'https://automationplayground.com/crm/'.</msg>
<msg time="2025-02-24T23:41:31.417244" level="INFO">Completed setup!</msg>
<arg>https://automationplayground.com/crm/</arg>
<arg>${BROWSER}</arg>
<doc>Opens a new browser instance to the optional ``url``.</doc>
<status status="PASS" start="2025-02-24T23:41:29.946426" elapsed="7.907800" />
</kw>
<kw name="Maximize Browser Window" owner="SeleniumLibrary">
<doc>Maximizes current browser window.</doc>
<status status="PASS" start="2025-02-24T23:41:37.856098" elapsed="0.797026" />
</kw>
<kw name="Page Should Contain" owner="SeleniumLibrary">
<msg time="2025-02-24T23:41:39.558006" level="INFO">Current page contains text 'Customers Are Priority One'.</msg>
<arg>Customers Are Priority One</arg>
<doc>Verifies that current page contains ``text``.</doc>
<status status="PASS" start="2025-02-24T23:41:38.655843" elapsed="0.906041" />
</kw>
<kw name="Click Link" owner="SeleniumLibrary">
<msg time="2025-02-24T23:41:39.568181" level="INFO">Clicking link 'SignIn'.</msg>
<arg>SignIn</arg>
<doc>Clicks a link identified by ``locator``.</doc>
<status status="PASS" start="2025-02-24T23:41:39.564792" elapsed="1.380125" />
</kw>
<kw name="Page Should Contain Button" owner="SeleniumLibrary">
<msg time="2025-02-24T23:41:42.423798" level="INFO">Current page contains button 'Submit'.</msg>
<arg>Submit</arg>
<doc>Verifies button ``locator`` is found from current page.</doc>
<status status="PASS" start="2025-02-24T23:41:40.948164" elapsed="1.476563" />
</kw>
<kw name="Input Text" owner="SeleniumLibrary">
<msg time="2025-02-24T23:41:42.426175" level="INFO">Typing text 'test@demo.com' into text field 'id=email-id'.</msg>
<arg>id=email-id</arg>
<arg>test@demo.com</arg>
<doc>Types the given ``text`` into the text field identified by ``locator``.</doc>
<status status="PASS" start="2025-02-24T23:41:42.425482" elapsed="1.123919" />
</kw>
<kw name="Input Text" owner="SeleniumLibrary">
<msg time="2025-02-24T23:41:43.555030" level="INFO">Typing text 'qwe' into text field 'id=password'.</msg>
<arg>id=password</arg>
<arg>qwe</arg>
<doc>Types the given ``text`` into the text field identified by ``locator``.</doc>
<status status="PASS" start="2025-02-24T23:41:43.552324" elapsed="0.964069" />
</kw>
<kw name="Click Button" owner="SeleniumLibrary">
<msg time="2025-02-24T23:41:44.522637" level="INFO">Clicking button 'id=submit-id'.</msg>
<arg>id=submit-id</arg>
<doc>Clicks the button identified by ``locator``.</doc>
<status status="PASS" start="2025-02-24T23:41:44.519843" elapsed="1.879024" />
</kw>
<kw name="Wait Until Element Is Visible" owner="SeleniumLibrary">
<arg>id=new-customer</arg>
<doc>Waits until the element ``locator`` is visible.</doc>
<status status="PASS" start="2025-02-24T23:41:46.403633" elapsed="0.628613" />
</kw>
<kw name="Click Link" owner="SeleniumLibrary">
<msg time="2025-02-24T23:41:47.035424" level="INFO">Clicking link 'css:#new-customer'.</msg>
<arg>css:#new-customer</arg>
<doc>Clicks a link identified by ``locator``.</doc>
<status status="PASS" start="2025-02-24T23:41:47.033953" elapsed="1.274819" />
</kw>
<kw name="Wait Until Element Is Visible" owner="SeleniumLibrary">
<arg>xpath:.//div/.//button[contains(text(),'Submit')]</arg>
<doc>Waits until the element ``locator`` is visible.</doc>
<status status="PASS" start="2025-02-24T23:41:48.312757" elapsed="0.615734" />
</kw>
<kw name="Input Text" owner="SeleniumLibrary">
<msg time="2025-02-24T23:41:48.935132" level="INFO">Typing text 'test@demo.com' into text field 'id=EmailAddress'.</msg>
<arg>id=EmailAddress</arg>
<arg>test@demo.com</arg>
<doc>Types the given ``text`` into the text field identified by ``locator``.</doc>
<status status="PASS" start="2025-02-24T23:41:48.932194" elapsed="0.956620" />
</kw>
<kw name="Input Text" owner="SeleniumLibrary">
<msg time="2025-02-24T23:41:49.896594" level="INFO">Typing text 'John' into text field 'id=FirstName'.</msg>
<arg>id=FirstName</arg>
<arg>John</arg>
<doc>Types the given ``text`` into the text field identified by ``locator``.</doc>
<status status="PASS" start="2025-02-24T23:41:49.892752" elapsed="0.971714" />
</kw>
<kw name="Input Text" owner="SeleniumLibrary">
<msg time="2025-02-24T23:41:50.871495" level="INFO">Typing text 'Doe' into text field 'id=LastName'.</msg>
<arg>id=LastName</arg>
<arg>Doe</arg>
<doc>Types the given ``text`` into the text field identified by ``locator``.</doc>
<status status="PASS" start="2025-02-24T23:41:50.868191" elapsed="0.954140" />
</kw>
<kw name="Input Text" owner="SeleniumLibrary">
<msg time="2025-02-24T23:41:51.828565" level="INFO">Typing text 'Miami' into text field 'id=City'.</msg>
<arg>id=City</arg>
<arg>Miami</arg>
<doc>Types the given ``text`` into the text field identified by ``locator``.</doc>
<status status="PASS" start="2025-02-24T23:41:51.825759" elapsed="0.912457" />
</kw>
<kw name="Select From List By Value" owner="SeleniumLibrary">
<msg time="2025-02-24T23:41:52.744524" level="INFO">Selecting options from selection list 'id=StateOrRegion' by value FL.</msg>
<arg>id=StateOrRegion</arg>
<arg>FL</arg>
<doc>Selects options from selection list ``locator`` by ``values``.</doc>
<status status="PASS" start="2025-02-24T23:41:52.741483" elapsed="2.385084" />
</kw>
<kw name="Click Element" owner="SeleniumLibrary">
<msg time="2025-02-24T23:41:55.135779" level="INFO">Clicking element 'css:input[name='gender'][value='male']'.</msg>
<arg>css:input[name='gender'][value='male']</arg>
<doc>Click the element identified by ``locator``.</doc>
<status status="PASS" start="2025-02-24T23:41:55.131500" elapsed="0.701049" />
</kw>
<kw name="Wait Until Element Is Visible" owner="SeleniumLibrary">
<arg>css:input[name='promos-name'][value='promos-yes']</arg>
<doc>Waits until the element ``locator`` is visible.</doc>
<status status="PASS" start="2025-02-24T23:41:55.837940" elapsed="0.643713" />
</kw>
<kw name="Click Element" owner="SeleniumLibrary">
<msg time="2025-02-24T23:41:56.489856" level="INFO">Clicking element 'css:input[name='promos-name'][value='promos-yes']'.</msg>
<arg>css:input[name='promos-name'][value='promos-yes']</arg>
<doc>Click the element identified by ``locator``.</doc>
<status status="PASS" start="2025-02-24T23:41:56.486324" elapsed="0.659923" />
</kw>
<kw name="Click Button" owner="SeleniumLibrary">
<msg time="2025-02-24T23:41:57.149046" level="INFO">Clicking button 'Submit'.</msg>
<arg>Submit</arg>
<doc>Clicks the button identified by ``locator``.</doc>
<status status="PASS" start="2025-02-24T23:41:57.147891" elapsed="1.455518" />
</kw>
<kw name="Wait Until Page Contains" owner="SeleniumLibrary">
<arg>New customer added.</arg>
<doc>Waits until ``text`` appears on the current page.</doc>
<status status="PASS" start="2025-02-24T23:41:58.607032" elapsed="0.320988" />
</kw>
<kw name="Sleep" owner="BuiltIn">
<msg time="2025-02-24T23:42:01.932540" level="INFO">Slept 3 seconds.</msg>
<arg>3s</arg>
<doc>Pauses the test executed for the given time.</doc>
<status status="PASS" start="2025-02-24T23:41:58.930494" elapsed="3.003783" />
</kw>
<kw name="Close Browser" owner="SeleniumLibrary">
<doc>Closes the current browser.</doc>
<status status="PASS" start="2025-02-24T23:42:01.936251" elapsed="0.001189" />
</kw>
<doc>This is a some basic info about the test</doc>
<tag>1006</tag>
<tag>Contacts</tag>
<tag>Smoke</tag>
<status status="PASS" start="2025-02-24T23:41:29.938785" elapsed="32.000512" />
</test>
<doc>This is some basic info about the whole suite</doc>
<status status="PASS" start="2025-02-24T23:41:29.866684" elapsed="34.418626" />
</suite>
<status status="PASS" start="2025-02-24T23:41:29.866684" elapsed="34.418626" />
</suite><errors>
</errors>
</robot>